<?xml version="1.0" encoding="UTF-8"?>
<testsuite name="com.ankit.cleanCodeTesting.StackFactoryTest" tests="0" skipped="0" failures="0" errors="0" timestamp="1970-01-01T00:00:00" hostname="ankitkumar-C02VM43XHTD7" time="0.0">
  <properties/>
  <system-out><![CDATA[Executable Running, i = 9
Executable Running, i = 8
]]></system-out>
  <system-err><![CDATA[]]></system-err>
</testsuite>
