<?xml version="1.0" encoding="UTF-8"?>
<testsuite name="com.ankit.ConfigManagementSystemV2.ConfigManagerTest" tests="1" skipped="0" failures="0" errors="0" timestamp="2020-07-26T11:04:17" hostname="ankitkumar-C02VM43XHTD7" time="0.009">
  <properties/>
  <testcase name="test" classname="com.ankit.ConfigManagementSystemV2.ConfigManagerTest" time="0.009"/>
  <system-out><![CDATA[Config 1 updated with xml= XML 1.2
Bucket 1 is updated.
Machine 1 updated.
Machine 2 updated.
]]></system-out>
  <system-err><![CDATA[]]></system-err>
</testsuite>
