<?xml version="1.0" encoding="UTF-8"?>
<testsuite name="com.ankit.ConfigManagementSystemV2.ConfigManagerTest" tests="0" skipped="0" failures="0" errors="0" timestamp="1970-01-01T00:00:00" hostname="ankitkumar-C02VM43XHTD7" time="0.0">
  <properties/>
  <system-out><![CDATA[Calls: 20, ip: ip1, second: 1620545452
com.ankit.RateLimiter.RateLimiterException
Executable Running, i = 11
]]></system-out>
  <system-err><![CDATA[]]></system-err>
</testsuite>
