<?xml version="1.0" encoding="UTF-8"?>
<testsuite name="com.ankit.RateLimiter.RateLimiterTest" tests="1" skipped="0" failures="0" errors="0" timestamp="2021-05-09T07:30:52" hostname="ankitkumar-C02VM43XHTD7" time="0.019">
  <properties/>
  <testcase name="testRateLimiterCall" classname="com.ankit.RateLimiter.RateLimiterTest" time="0.019"/>
  <system-out><![CDATA[Calls: 2, ip: ip1, second: 1620545452
Executable Running, i = 3
Calls: 17, ip: ip1, second: 1620545452
Calls: 16, ip: ip1, second: 1620545452
com.ankit.RateLimiter.RateLimiterException
com.ankit.RateLimiter.RateLimiterException
Calls: 15, ip: ip1, second: 1620545452
com.ankit.RateLimiter.RateLimiterException
Calls: 14, ip: ip1, second: 1620545452
com.ankit.RateLimiter.RateLimiterException
Calls: 18, ip: ip1, second: 1620545452
com.ankit.RateLimiter.RateLimiterException
Calls: 13, ip: ip1, second: 1620545452
com.ankit.RateLimiter.RateLimiterException
Calls: 19, ip: ip1, second: 1620545452
com.ankit.RateLimiter.RateLimiterException
Calls: 12, ip: ip1, second: 1620545452
com.ankit.RateLimiter.RateLimiterException
Calls: 1, ip: ip1, second: 1620545452
Executable Running, i = 0
Calls: 11, ip: ip1, second: 1620545452
com.ankit.RateLimiter.RateLimiterException
]]></system-out>
  <system-err><![CDATA[]]></system-err>
</testsuite>
